RUN	simulations.petstoreProductBookingTest	petstoreproductbookingtest	1626703522166	ok	3.6.1
ERROR	request_0: Failed to build request: url ${HostUrl}/ can't be parsed into an Uri: j.l.IllegalArgumentException: ${HostUrl}/ could not be parsed into a proper Uri, missing scheme 	1626703523460
USER	PetStoreTestClass	START	1626703523442
ERROR	EnterTheStore: Failed to build request: url ${HostUrl}/actions/Catalog.action can't be parsed into an Uri: j.l.IllegalArgumentException: ${HostUrl}/actions/Catalog.action could not be parsed into a proper Uri, missing scheme 	1626703527468
ERROR	ClickOnSignIn: Failed to build request: url ${HostUrl}/actions/Account.action;jsessionid=F97D9A3284D2C71DA3D0B44E1F367375?signonForm= can't be parsed into an Uri: j.l.IllegalArgumentException: ${HostUrl}/actions/Account.action;jsessionid=F97D9A3284D2C71DA3D0B44E1F367375?signonForm= could not be parsed into a proper Uri, missing scheme 	1626703533469
USER	PetStoreTestClass	END	1626703539475
